<?xml version="1.0" encoding="UTF-8"?>
<!-- Generated by org.testng.reporters.JUnitXMLReporter -->
<testsuite ignored="0" hostname="DESKTOP-BHR3PSD" failures="0" tests="4" name="Default test" time="0.099" errors="0" timestamp="2024-02-27T13:26:11 IST">
  <testcase classname="testNgPack.VerifyForgotPasswordFunctionality" name="@BeforeTest openBrowser" time="-1.709020571067E9">
    <failure type="org.testng.TestNGException" message="
Parameter &amp;apos;browser&amp;apos; is required by BeforeTest on method openBrowser but has not been marked @Optional or defined
in C:\Users\amol\AppData\Local\Temp\testng-eclipse--1008942878\testng-customsuite.xml">
      <![CDATA[org.testng.TestNGException: 
Parameter 'browser' is required by BeforeTest on method openBrowser but has not been marked @Optional or defined
in C:\Users\amol\AppData\Local\Temp\testng-eclipse--1008942878\testng-customsuite.xml
at org.testng.internal.Parameters.createParams(Parameters.java:267)
at org.testng.internal.Parameters.createParametersForMethod(Parameters.java:355)
at org.testng.internal.Parameters.createParameters(Parameters.java:693)
at org.testng.internal.Parameters.createConfigurationParameters(Parameters.java:166)
at org.testng.internal.invokers.ConfigInvoker.invokeConfigurations(ConfigInvoker.java:306)
at org.testng.TestRunner.invokeTestConfigurations(TestRunner.java:661)
at org.testng.TestRunner.beforeRun(TestRunner.java:650)
at org.testng.TestRunner.run(TestRunner.java:612)
at org.testng.SuiteRunner.runTest(SuiteRunner.java:443)
at org.testng.SuiteRunner.runSequentially(SuiteRunner.java:437)
at org.testng.SuiteRunner.privateRun(SuiteRunner.java:397)
at org.testng.SuiteRunner.run(SuiteRunner.java:336)
at org.testng.SuiteRunnerWorker.runSuite(SuiteRunnerWorker.java:52)
at org.testng.SuiteRunnerWorker.run(SuiteRunnerWorker.java:95)
at org.testng.TestNG.runSuitesSequentially(TestNG.java:1301)
at org.testng.TestNG.runSuitesLocally(TestNG.java:1228)
at org.testng.TestNG.runSuites(TestNG.java:1134)
at org.testng.TestNG.run(TestNG.java:1101)
at org.testng.remote.AbstractRemoteTestNG.run(AbstractRemoteTestNG.java:115)
at org.testng.remote.RemoteTestNG.initAndRun(RemoteTestNG.java:251)
at org.testng.remote.RemoteTestNG.main(RemoteTestNG.java:77)
]]>
    </failure>
  </testcase> <!-- @BeforeTest openBrowser -->
  <testcase classname="testNgPack.VerifyForgotPasswordFunctionality" name="@BeforeClass CreatePOMObjects" time="0.0">
    <skipped/>
  </testcase> <!-- @BeforeClass CreatePOMObjects -->
  <testcase classname="testNgPack.VerifyForgotPasswordFunctionality" name="@BeforeMethod openLoginPage" time="0.0">
    <skipped/>
  </testcase> <!-- @BeforeMethod openLoginPage -->
  <testcase classname="testNgPack.VerifyForgotPasswordFunctionality" name="@AfterMethod logOutFromApplication" time="0.0">
    <skipped/>
  </testcase> <!-- @AfterMethod logOutFromApplication -->
  <testcase classname="testNgPack.VerifyForgotPasswordFunctionality" name="@BeforeMethod openLoginPage" time="0.0">
    <skipped/>
  </testcase> <!-- @BeforeMethod openLoginPage -->
  <testcase classname="testNgPack.VerifyForgotPasswordFunctionality" name="@AfterMethod logOutFromApplication" time="0.0">
    <skipped/>
  </testcase> <!-- @AfterMethod logOutFromApplication -->
  <testcase classname="testNgPack.VerifyForgotPasswordFunctionality" name="@BeforeMethod openLoginPage" time="0.0">
    <skipped/>
  </testcase> <!-- @BeforeMethod openLoginPage -->
  <testcase classname="testNgPack.VerifyForgotPasswordFunctionality" name="@AfterMethod logOutFromApplication" time="0.0">
    <skipped/>
  </testcase> <!-- @AfterMethod logOutFromApplication -->
  <testcase classname="testNgPack.VerifyForgotPasswordFunctionality" name="@BeforeMethod openLoginPage" time="0.0">
    <skipped/>
  </testcase> <!-- @BeforeMethod openLoginPage -->
  <testcase classname="testNgPack.VerifyForgotPasswordFunctionality" name="@AfterMethod logOutFromApplication" time="0.0">
    <skipped/>
  </testcase> <!-- @AfterMethod logOutFromApplication -->
  <testcase classname="testNgPack.VerifyForgotPasswordFunctionality" name="@AfterClass clearObjects" time="0.0">
    <skipped/>
  </testcase> <!-- @AfterClass clearObjects -->
  <testcase classname="testNgPack.VerifyForgotPasswordFunctionality" name="@AfterTest closeBrowser" time="0.0">
    <skipped/>
  </testcase> <!-- @AfterTest closeBrowser -->
  <testcase classname="testNgPack.VerifyForgotPasswordFunctionality" name="verifyTextOnForgotPasswordPage" time="0.0">
    <skipped/>
  </testcase> <!-- verifyTextOnForgotPasswordPage -->
  <testcase classname="testNgPack.VerifyForgotPasswordFunctionality" name="verifyCancelButtonOnForgotPasswordPage" time="0.0">
    <skipped/>
  </testcase> <!-- verifyCancelButtonOnForgotPasswordPage -->
  <testcase classname="testNgPack.VerifyForgotPasswordFunctionality" name="verifySearchButtonFunctionalityWithWrongId" time="0.0">
    <skipped/>
  </testcase> <!-- verifySearchButtonFunctionalityWithWrongId -->
  <testcase classname="testNgPack.VerifyForgotPasswordFunctionality" name="verifySearchButtonFunctionalityWithCorrectId" time="0.001">
    <skipped/>
  </testcase> <!-- verifySearchButtonFunctionalityWithCorrectId -->
</testsuite> <!-- Default test -->
